[debug] [2024-10-19T08:39:14.865Z] ----------------------------------------------------------------------
[debug] [2024-10-19T08:39:14.868Z] Command:       C:\Program Files\nodejs\node.exe C:\Users\welde\AppData\Roaming\npm\node_modules\firebase-tools\lib\bin\firebase.js serve
[debug] [2024-10-19T08:39:14.868Z] CLI Version:   13.22.1
[debug] [2024-10-19T08:39:14.868Z] Platform:      win32
[debug] [2024-10-19T08:39:14.868Z] Node Version:  v20.18.0
[debug] [2024-10-19T08:39:14.869Z] Time:          Sat Oct 19 2024 11:39:14 GMT+0300 (East Africa Time)
[debug] [2024-10-19T08:39:14.869Z] ----------------------------------------------------------------------
[debug] 
[debug] [2024-10-19T08:39:15.003Z] > command requires scopes: ["email","openid","https://www.googleapis.com/auth/cloudplatformprojects.readonly","https://www.googleapis.com/auth/firebase","https://www.googleapis.com/auth/cloud-platform"]
[debug] [2024-10-19T08:39:15.003Z] > authorizing via signed-in user (weldetsadik2535@gmail.com)
[debug] [2024-10-19T08:39:15.004Z] [iam] checking project weldsh for permissions ["firebase.projects.get"]
[debug] [2024-10-19T08:39:15.004Z] Checked if tokens are valid: true, expires at: 1729329487933
[debug] [2024-10-19T08:39:15.005Z] Checked if tokens are valid: true, expires at: 1729329487933
[debug] [2024-10-19T08:39:15.006Z] >>> [apiv2][query] POST https://cloudresourcemanager.googleapis.com/v1/projects/weldsh:testIamPermissions [none]
[debug] [2024-10-19T08:39:15.006Z] >>> [apiv2][(partial)header] POST https://cloudresourcemanager.googleapis.com/v1/projects/weldsh:testIamPermissions x-goog-quota-user=projects/weldsh
[debug] [2024-10-19T08:39:15.006Z] >>> [apiv2][body] POST https://cloudresourcemanager.googleapis.com/v1/projects/weldsh:testIamPermissions {"permissions":["firebase.projects.get"]}
[debug] [2024-10-19T08:39:15.998Z] <<< [apiv2][status] POST https://cloudresourcemanager.googleapis.com/v1/projects/weldsh:testIamPermissions 200
[debug] [2024-10-19T08:39:15.998Z] <<< [apiv2][body] POST https://cloudresourcemanager.googleapis.com/v1/projects/weldsh:testIamPermissions {"permissions":["firebase.projects.get"]}
[debug] [2024-10-19T08:39:15.999Z] Checked if tokens are valid: true, expires at: 1729329487933
[debug] [2024-10-19T08:39:15.999Z] Checked if tokens are valid: true, expires at: 1729329487933
[debug] [2024-10-19T08:39:15.999Z] >>> [apiv2][query] GET https://firebase.googleapis.com/v1beta1/projects/weldsh [none]
[debug] [2024-10-19T08:39:16.609Z] <<< [apiv2][status] GET https://firebase.googleapis.com/v1beta1/projects/weldsh 200
[debug] [2024-10-19T08:39:16.610Z] <<< [apiv2][body] GET https://firebase.googleapis.com/v1beta1/projects/weldsh {"projectId":"weldsh","projectNumber":"993239862546","displayName":"weldsh25","name":"projects/weldsh","resources":{"hostingSite":"weldsh"},"state":"ACTIVE","etag":"1_900ff59f-779c-4353-8024-22f95e464881"}
[info] 
[info] === Serving from 'C:\Users\welde\Documents\MyProjects\weldsh.com'...
[info] 
[debug] [2024-10-19T08:39:16.619Z] Checked if tokens are valid: true, expires at: 1729329487933
[debug] [2024-10-19T08:39:16.620Z] Checked if tokens are valid: true, expires at: 1729329487933
[debug] [2024-10-19T08:39:16.620Z] >>> [apiv2][query] GET https://firebasehosting.googleapis.com/v1beta1/projects/weldsh/sites 
[debug] [2024-10-19T08:39:17.930Z] <<< [apiv2][status] GET https://firebasehosting.googleapis.com/v1beta1/projects/weldsh/sites 200
[debug] [2024-10-19T08:39:17.930Z] <<< [apiv2][body] GET https://firebasehosting.googleapis.com/v1beta1/projects/weldsh/sites {"sites":[{"name":"projects/weldsh/sites/weldsh","defaultUrl":"https://weldsh.web.app","type":"DEFAULT_SITE"}]}
[debug] [2024-10-19T08:39:17.930Z] Checked if tokens are valid: true, expires at: 1729329487933
[debug] [2024-10-19T08:39:17.930Z] Checked if tokens are valid: true, expires at: 1729329487933
[debug] [2024-10-19T08:39:17.931Z] >>> [apiv2][query] GET https://firebase.googleapis.com/v1beta1/projects/weldsh/webApps/-/config [none]
[debug] [2024-10-19T08:39:18.577Z] <<< [apiv2][status] GET https://firebase.googleapis.com/v1beta1/projects/weldsh/webApps/-/config 200
[debug] [2024-10-19T08:39:18.577Z] <<< [apiv2][body] GET https://firebase.googleapis.com/v1beta1/projects/weldsh/webApps/-/config {"projectId":"weldsh","storageBucket":"weldsh.appspot.com","apiKey":"AIzaSyBm9XuKUlphb4OH3u_tUH4ZMBwJ8pMjIas","authDomain":"weldsh.firebaseapp.com","messagingSenderId":"993239862546"}
[debug] [2024-10-19T08:39:18.581Z] Checked if tokens are valid: true, expires at: 1729329487933
[debug] [2024-10-19T08:39:18.581Z] Checked if tokens are valid: true, expires at: 1729329487933
[debug] [2024-10-19T08:39:18.582Z] >>> [apiv2][query] GET https://firebase.googleapis.com/v1beta1/projects/weldsh [none]
[debug] [2024-10-19T08:39:18.843Z] <<< [apiv2][status] GET https://firebase.googleapis.com/v1beta1/projects/weldsh 200
[debug] [2024-10-19T08:39:18.843Z] <<< [apiv2][body] GET https://firebase.googleapis.com/v1beta1/projects/weldsh {"projectId":"weldsh","projectNumber":"993239862546","displayName":"weldsh25","name":"projects/weldsh","resources":{"hostingSite":"weldsh"},"state":"ACTIVE","etag":"1_900ff59f-779c-4353-8024-22f95e464881"}
[info] i  hosting[weldsh]: Serving hosting files from: public {"metadata":{"emulator":{"name":"hosting"},"message":"Serving hosting files from: \u001b[1mpublic\u001b[22m"}}
[info] +  hosting[weldsh]: Local server: http://localhost:5000 {"metadata":{"emulator":{"name":"hosting"},"message":"Local server: \u001b[4m\u001b[1mhttp://localhost:5000\u001b[22m\u001b[24m"}}
